<?xml version="1.0" encoding="UTF-8"?>
<!-- Generated by org.testng.reporters.JUnitXMLReporter -->
<testsuite hostname="DESKTOP-2S5GRH2" ignored="3" name="Default test" tests="1" failures="0" timestamp="27 Aug 2019 14:00:49 GMT" time="36.679" errors="0">
  <testcase name="verify_valid_login" time="6.5" classname="Tests.LoginPageTests"/>
  <testcase name="verify_loginpage_title" time="0.0" classname="Tests.LoginPageTests">
    <ignored/>
  </testcase> <!-- verify_loginpage_title -->
  <testcase name="verify_Login_TC3" time="0.0" classname="Tests.LoginPageTests">
    <ignored/>
  </testcase> <!-- verify_Login_TC3 -->
  <testcase name="verify_Login_TC4" time="0.0" classname="Tests.LoginPageTests">
    <ignored/>
  </testcase> <!-- verify_Login_TC4 -->
</testsuite> <!-- Default test -->
