<?xml version="1.0" encoding="UTF-8"?>
<!-- Generated by org.testng.reporters.JUnitXMLReporter -->
<testsuite hostname="DESKTOP-2S5GRH2" ignored="0" name="TestSite" tests="8" failures="0" timestamp="25 Aug 2019 02:46:40 GMT" time="139.527" errors="0">
  <testcase name="verify_Login_TC4" time="0.001" classname="Tests.LoginPageTests"/>
  <testcase name="verify_loginpage_title" time="0.101" classname="Tests.LoginPageTests"/>
  <testcase name="verify_Login_TC3" time="0.0" classname="Tests.LoginPageTests"/>
  <testcase name="verify_valid_lgoin" time="6.092" classname="Tests.LoginPageTests"/>
  <testcase name="verify_Home_TC3" time="0.001" classname="Tests.HomePageTests"/>
  <testcase name="verify_Home_TC4" time="0.0" classname="Tests.HomePageTests"/>
  <testcase name="verify_homePage_title_Test" time="5.541" classname="Tests.HomePageTests"/>
  <testcase name="verify_current_url_Test" time="5.407" classname="Tests.HomePageTests"/>
</testsuite> <!-- TestSite -->
