<?xml version="1.0" encoding="UTF-8"?>
<testsuite xmlns:xsi="http://www.w3.org/2001/XMLSchema-instance" xsi:noNamespaceSchemaLocation="https://maven.apache.org/surefire/maven-surefire-plugin/xsd/surefire-test-report.xsd" name="TestSuite" time="142.996" tests="8" errors="0" skipped="0" failures="0">
  <properties>
[...]
</properties>
  <testcase name="verify_Login_TC4" classname="Tests.LoginPageTests" time="0.003"/>
  <testcase name="verify_loginpage_title" classname="Tests.LoginPageTests" time="0.099"/>
  <testcase name="verify_Login_TC3" classname="Tests.LoginPageTests" time="0"/>
  <testcase name="verify_valid_lgoin" classname="Tests.LoginPageTests" time="6.094"/>
  <testcase name="verify_Home_TC3" classname="Tests.HomePageTests" time="0"/>
  <testcase name="verify_Home_TC4" classname="Tests.HomePageTests" time="0.001"/>
  <testcase name="verify_homePage_title_Test" classname="Tests.HomePageTests" time="5.54"/>
  <testcase name="verify_current_url_Test" classname="Tests.HomePageTests" time="5.406"/>
</testsuite>