<?xml version="1.0" encoding="UTF-8"?>
<testng-results skipped="0" failed="0" ignored="3" total="4" passed="1">
  <reporter-output>
    <line>
      <![CDATA[Login success]]>
    </line>
  </reporter-output>
  <suite name="Default suite" duration-ms="36679" started-at="2019-08-27T14:00:12Z" finished-at="2019-08-27T14:00:49Z">
    <groups>
    </groups>
    <test name="Default test" duration-ms="36679" started-at="2019-08-27T14:00:12Z" finished-at="2019-08-27T14:00:49Z">
      <class name="Tests.LoginPageTests">
        <test-method status="PASS" signature="setup()[pri:0, instance:Tests.LoginPageTests@14bf9759]" name="setup" is-config="true" duration-ms="29078" started-at="2019-08-27T14:00:12Z" finished-at="2019-08-27T14:00:41Z">
          <reporter-output>
          </reporter-output>
        </test-method> <!-- setup -->
        <test-method status="PASS" signature="verify_valid_login()[pri:0, instance:Tests.LoginPageTests@14bf9759]" name="verify_valid_login" duration-ms="6500" started-at="2019-08-27T14:00:41Z" finished-at="2019-08-27T14:00:48Z">
          <reporter-output>
            <line>
              <![CDATA[Login success]]>
            </line>
          </reporter-output>
        </test-method> <!-- verify_valid_login -->
        <test-method status="PASS" signature="tearDown()[pri:0, instance:Tests.LoginPageTests@14bf9759]" name="tearDown" is-config="true" duration-ms="1019" started-at="2019-08-27T14:00:48Z" finished-at="2019-08-27T14:00:49Z">
          <reporter-output>
          </reporter-output>
        </test-method> <!-- tearDown -->
      </class> <!-- Tests.LoginPageTests -->
    </test> <!-- Default test -->
  </suite> <!-- Default suite -->
</testng-results>
